GET /api/Product/GetById/id responded in 198 ms
POST /api/Product/Insert responded in 304 ms
POST /api/Product/Insert responded in 720 ms
GET /api/Product/GetById/id responded in 51 ms
POST /api/Product/Insert responded in 355 ms
GET /api/Product/GetById/id responded in 21 ms
GET /api/Product/GetById/id responded in 13 ms
PUT /api/Product/Update responded in 17 ms
GET /api/Product/GetById/id responded in 11 ms
POST /api/Product/Insert responded in 694 ms
GET /api/Product/GetById/id responded in 53 ms
POST /api/Product/Insert responded in 29 ms
POST /api/Product/InsertAsync responded in 46 ms
GET /api/Product/GetById/id responded in 41372 ms
GET /api/Product/GetById/id responded in 2850 ms
GET /api/Product/GetById/id responded in 2812 ms
GET /api/Product/GetById/id responded in 7363 ms
GET /api/Product/GetById/id responded in 140 ms
GET /api/Product/GetById/id responded in 147 ms
GET /api/Product/GetByIdAsync/id responded in 347 ms
GET /api/Product/GetByIdAsync/id responded in 13 ms
GET /api/Product/GetByIdAsync/id responded in 1208 ms
GET /api/Product/GetByIdAsync/id responded in 140 ms
GET /api/Product/GetByIdAsync/id responded in 140 ms
GET /api/Product/GetByIdAsync/id responded in 329 ms
POST /api/Product/InsertAsync responded in 398 ms
GET /api/Product/GetById/id responded in 696 ms
